[32m2023-07-11 14:26:40 -0400[0m - dagster - [34mDEBUG[0m - __ASSET_JOB - 3028541d-42de-455f-89c7-f61e6a0bda59 - 24685 - LOGS_CAPTURED - Started capturing logs in process (pid: 24685).
[32m2023-07-11 14:26:40 -0400[0m - dagster - [34mDEBUG[0m - __ASSET_JOB - 3028541d-42de-455f-89c7-f61e6a0bda59 - 24685 - run_dbt_8e00f - STEP_START - Started execution of step "run_dbt_8e00f".
[32m2023-07-11 14:26:40 -0400[0m - dagster - [34mINFO[0m - resource:dbt - 3028541d-42de-455f-89c7-f61e6a0bda59 - run_dbt_8e00f - Executing command: dbt --no-use-colors --log-format json run --project-dir /Users/odetteharary/Documents/demo_snowflake/biweekly-demo/my_project/./my_dbt_project --profiles-dir /Users/odetteharary/Documents/demo_snowflake/biweekly-demo/my_project/./my_dbt_project --select fqn:*
[32m2023-07-11 14:26:41 -0400[0m - dagster - [34mINFO[0m - resource:dbt - 3028541d-42de-455f-89c7-f61e6a0bda59 - run_dbt_8e00f - Running with dbt=1.5.1
[32m2023-07-11 14:26:42 -0400[0m - dagster - [34mWARNING[0m - resource:dbt - 3028541d-42de-455f-89c7-f61e6a0bda59 - run_dbt_8e00f - [WARNING]: Configuration paths exist in your dbt_project.yml file which do not apply to any resources.
There are 1 unused configuration paths:
- models.my_dbt_project.example
[32m2023-07-11 14:26:42 -0400[0m - dagster - [34mINFO[0m - resource:dbt - 3028541d-42de-455f-89c7-f61e6a0bda59 - run_dbt_8e00f - Found 6 models, 0 tests, 0 snapshots, 0 analyses, 321 macros, 0 operations, 0 seed files, 2 sources, 0 exposures, 0 metrics, 0 groups
[32m2023-07-11 14:26:42 -0400[0m - dagster - [34mINFO[0m - resource:dbt - 3028541d-42de-455f-89c7-f61e6a0bda59 - run_dbt_8e00f
[32m2023-07-11 14:26:43 -0400[0m - dagster - [34mINFO[0m - resource:dbt - 3028541d-42de-455f-89c7-f61e6a0bda59 - run_dbt_8e00f - Concurrency: 1 threads (target='local')
[32m2023-07-11 14:26:43 -0400[0m - dagster - [34mINFO[0m - resource:dbt - 3028541d-42de-455f-89c7-f61e6a0bda59 - run_dbt_8e00f
[32m2023-07-11 14:26:43 -0400[0m - dagster - [34mINFO[0m - resource:dbt - 3028541d-42de-455f-89c7-f61e6a0bda59 - run_dbt_8e00f - 1 of 6 START sql view model ODETTE.cleaned_population .......................... [RUN]
[32m2023-07-11 14:26:44 -0400[0m - dagster - [34mDEBUG[0m - __ASSET_JOB - 3028541d-42de-455f-89c7-f61e6a0bda59 - 24685 - run_dbt_8e00f - STEP_OUTPUT - Yielded output "cleaned_population" of type "Nothing". (Type check passed).
[32m2023-07-11 14:26:44 -0400[0m - dagster - [34mDEBUG[0m - __ASSET_JOB - 3028541d-42de-455f-89c7-f61e6a0bda59 - 24685 - run_dbt_8e00f - ASSET_MATERIALIZATION - Materialized value odette cleaned_population.
[32m2023-07-11 14:26:44 -0400[0m - dagster - [34mDEBUG[0m - __ASSET_JOB - 3028541d-42de-455f-89c7-f61e6a0bda59 - 24685 - run_dbt_8e00f - HANDLED_OUTPUT - Handled output "cleaned_population" using IO manager "io_manager"
[32m2023-07-11 14:26:44 -0400[0m - dagster - [34mINFO[0m - resource:dbt - 3028541d-42de-455f-89c7-f61e6a0bda59 - run_dbt_8e00f - 1 of 6 OK created sql view model ODETTE.cleaned_population ..................... [SUCCESS 1 in 0.54s]
[32m2023-07-11 14:26:44 -0400[0m - dagster - [34mINFO[0m - resource:dbt - 3028541d-42de-455f-89c7-f61e6a0bda59 - run_dbt_8e00f - 2 of 6 START sql view model ODETTE.continent_ranked_population ................. [RUN]
[32m2023-07-11 14:26:45 -0400[0m - dagster - [34mDEBUG[0m - __ASSET_JOB - 3028541d-42de-455f-89c7-f61e6a0bda59 - 24685 - run_dbt_8e00f - STEP_OUTPUT - Yielded output "continent_ranked_population" of type "Nothing". (Type check passed).
[32m2023-07-11 14:26:45 -0400[0m - dagster - [34mDEBUG[0m - __ASSET_JOB - 3028541d-42de-455f-89c7-f61e6a0bda59 - 24685 - run_dbt_8e00f - ASSET_MATERIALIZATION - Materialized value odette continent_ranked_population.
[32m2023-07-11 14:26:45 -0400[0m - dagster - [34mDEBUG[0m - __ASSET_JOB - 3028541d-42de-455f-89c7-f61e6a0bda59 - 24685 - run_dbt_8e00f - HANDLED_OUTPUT - Handled output "continent_ranked_population" using IO manager "io_manager"
[32m2023-07-11 14:26:45 -0400[0m - dagster - [34mINFO[0m - resource:dbt - 3028541d-42de-455f-89c7-f61e6a0bda59 - run_dbt_8e00f - 2 of 6 OK created sql view model ODETTE.continent_ranked_population ............ [SUCCESS 1 in 0.95s]
[32m2023-07-11 14:26:45 -0400[0m - dagster - [34mINFO[0m - resource:dbt - 3028541d-42de-455f-89c7-f61e6a0bda59 - run_dbt_8e00f - 3 of 6 START sql view model ODETTE.country_ranked_population ................... [RUN]
[32m2023-07-11 14:26:45 -0400[0m - dagster - [34mDEBUG[0m - __ASSET_JOB - 3028541d-42de-455f-89c7-f61e6a0bda59 - 24685 - run_dbt_8e00f - STEP_OUTPUT - Yielded output "country_ranked_population" of type "Nothing". (Type check passed).
[32m2023-07-11 14:26:45 -0400[0m - dagster - [34mDEBUG[0m - __ASSET_JOB - 3028541d-42de-455f-89c7-f61e6a0bda59 - 24685 - run_dbt_8e00f - ASSET_MATERIALIZATION - Materialized value odette country_ranked_population.
[32m2023-07-11 14:26:45 -0400[0m - dagster - [34mDEBUG[0m - __ASSET_JOB - 3028541d-42de-455f-89c7-f61e6a0bda59 - 24685 - run_dbt_8e00f - HANDLED_OUTPUT - Handled output "country_ranked_population" using IO manager "io_manager"
[32m2023-07-11 14:26:45 -0400[0m - dagster - [34mINFO[0m - resource:dbt - 3028541d-42de-455f-89c7-f61e6a0bda59 - run_dbt_8e00f - 3 of 6 OK created sql view model ODETTE.country_ranked_population .............. [SUCCESS 1 in 0.48s]
[32m2023-07-11 14:26:45 -0400[0m - dagster - [34mINFO[0m - resource:dbt - 3028541d-42de-455f-89c7-f61e6a0bda59 - run_dbt_8e00f - 4 of 6 START sql view model ODETTE.monthly_pop_rollup .......................... [RUN]
[32m2023-07-11 14:26:46 -0400[0m - dagster - [34mDEBUG[0m - __ASSET_JOB - 3028541d-42de-455f-89c7-f61e6a0bda59 - 24685 - run_dbt_8e00f - STEP_OUTPUT - Yielded output "monthly_pop_rollup" of type "Nothing". (Type check passed).
[32m2023-07-11 14:26:46 -0400[0m - dagster - [34mDEBUG[0m - __ASSET_JOB - 3028541d-42de-455f-89c7-f61e6a0bda59 - 24685 - run_dbt_8e00f - ASSET_MATERIALIZATION - Materialized value odette monthly_pop_rollup.
[32m2023-07-11 14:26:46 -0400[0m - dagster - [34mDEBUG[0m - __ASSET_JOB - 3028541d-42de-455f-89c7-f61e6a0bda59 - 24685 - run_dbt_8e00f - HANDLED_OUTPUT - Handled output "monthly_pop_rollup" using IO manager "io_manager"
[32m2023-07-11 14:26:46 -0400[0m - dagster - [34mINFO[0m - resource:dbt - 3028541d-42de-455f-89c7-f61e6a0bda59 - run_dbt_8e00f - 4 of 6 OK created sql view model ODETTE.monthly_pop_rollup ..................... [SUCCESS 1 in 0.49s]
[32m2023-07-11 14:26:46 -0400[0m - dagster - [34mINFO[0m - resource:dbt - 3028541d-42de-455f-89c7-f61e6a0bda59 - run_dbt_8e00f - 5 of 6 START sql view model ODETTE.weekly_pop_rollup ........................... [RUN]
[32m2023-07-11 14:26:46 -0400[0m - dagster - [34mDEBUG[0m - __ASSET_JOB - 3028541d-42de-455f-89c7-f61e6a0bda59 - 24685 - run_dbt_8e00f - STEP_OUTPUT - Yielded output "weekly_pop_rollup" of type "Nothing". (Type check passed).
[32m2023-07-11 14:26:46 -0400[0m - dagster - [34mDEBUG[0m - __ASSET_JOB - 3028541d-42de-455f-89c7-f61e6a0bda59 - 24685 - run_dbt_8e00f - ASSET_MATERIALIZATION - Materialized value odette weekly_pop_rollup.
[32m2023-07-11 14:26:46 -0400[0m - dagster - [34mDEBUG[0m - __ASSET_JOB - 3028541d-42de-455f-89c7-f61e6a0bda59 - 24685 - run_dbt_8e00f - HANDLED_OUTPUT - Handled output "weekly_pop_rollup" using IO manager "io_manager"
[32m2023-07-11 14:26:46 -0400[0m - dagster - [34mINFO[0m - resource:dbt - 3028541d-42de-455f-89c7-f61e6a0bda59 - run_dbt_8e00f - 5 of 6 OK created sql view model ODETTE.weekly_pop_rollup ...................... [SUCCESS 1 in 0.46s]
[32m2023-07-11 14:26:46 -0400[0m - dagster - [34mINFO[0m - resource:dbt - 3028541d-42de-455f-89c7-f61e6a0bda59 - run_dbt_8e00f - 6 of 6 START sql view model ODETTE.population_summary .......................... [RUN]
[32m2023-07-11 14:26:47 -0400[0m - dagster - [34mDEBUG[0m - __ASSET_JOB - 3028541d-42de-455f-89c7-f61e6a0bda59 - 24685 - run_dbt_8e00f - STEP_OUTPUT - Yielded output "population_summary" of type "Nothing". (Type check passed).
[32m2023-07-11 14:26:47 -0400[0m - dagster - [34mDEBUG[0m - __ASSET_JOB - 3028541d-42de-455f-89c7-f61e6a0bda59 - 24685 - run_dbt_8e00f - ASSET_MATERIALIZATION - Materialized value odette population_summary.
[32m2023-07-11 14:26:47 -0400[0m - dagster - [34mDEBUG[0m - __ASSET_JOB - 3028541d-42de-455f-89c7-f61e6a0bda59 - 24685 - run_dbt_8e00f - HANDLED_OUTPUT - Handled output "population_summary" using IO manager "io_manager"
[32m2023-07-11 14:26:47 -0400[0m - dagster - [34mINFO[0m - resource:dbt - 3028541d-42de-455f-89c7-f61e6a0bda59 - run_dbt_8e00f - 6 of 6 OK created sql view model ODETTE.population_summary ..................... [SUCCESS 1 in 0.54s]
[32m2023-07-11 14:26:47 -0400[0m - dagster - [34mINFO[0m - resource:dbt - 3028541d-42de-455f-89c7-f61e6a0bda59 - run_dbt_8e00f
[32m2023-07-11 14:26:47 -0400[0m - dagster - [34mINFO[0m - resource:dbt - 3028541d-42de-455f-89c7-f61e6a0bda59 - run_dbt_8e00f - Finished running 6 view models in 0 hours 0 minutes and 4.53 seconds (4.53s).
[32m2023-07-11 14:26:47 -0400[0m - dagster - [34mINFO[0m - resource:dbt - 3028541d-42de-455f-89c7-f61e6a0bda59 - run_dbt_8e00f
[32m2023-07-11 14:26:47 -0400[0m - dagster - [34mINFO[0m - resource:dbt - 3028541d-42de-455f-89c7-f61e6a0bda59 - run_dbt_8e00f - Completed successfully
[32m2023-07-11 14:26:47 -0400[0m - dagster - [34mINFO[0m - resource:dbt - 3028541d-42de-455f-89c7-f61e6a0bda59 - run_dbt_8e00f
[32m2023-07-11 14:26:47 -0400[0m - dagster - [34mINFO[0m - resource:dbt - 3028541d-42de-455f-89c7-f61e6a0bda59 - run_dbt_8e00f - Done. PASS=6 WARN=0 ERROR=0 SKIP=0 TOTAL=6
[32m2023-07-11 14:26:47 -0400[0m - dagster - [34mINFO[0m - resource:dbt - 3028541d-42de-455f-89c7-f61e6a0bda59 - run_dbt_8e00f - dbt exited with return code 0
[32m2023-07-11 14:26:47 -0400[0m - dagster - [34mDEBUG[0m - __ASSET_JOB - 3028541d-42de-455f-89c7-f61e6a0bda59 - 24685 - run_dbt_8e00f - STEP_SUCCESS - Finished execution of step "run_dbt_8e00f" in 6.74s.
